2025-06-30 10:45:25,757 [INFO] Baixando: https://d37ci6vzurychx.cloudfront.net/trip-data/yellow_tripdata_2023-01.parquet
2025-06-30 10:45:27,070 [INFO] Download concluído: tmp_tlc_data/yellow_tripdata_2023-01.parquet
2025-06-30 10:45:27,071 [INFO] Enviando para S3: nyc_taxi/yellow/yellow_tripdata_2023-01.parquet
2025-06-30 10:45:36,459 [INFO] Upload para S3 concluído: s3://case-ifood-de-prd-landing-zone-593793061865/nyc_taxi/yellow/yellow_tripdata_2023-01.parquet
2025-06-30 10:45:36,664 [INFO] Baixando: https://d37ci6vzurychx.cloudfront.net/trip-data/yellow_tripdata_2023-02.parquet
2025-06-30 10:45:41,275 [INFO] Download concluído: tmp_tlc_data/yellow_tripdata_2023-02.parquet
2025-06-30 10:45:41,275 [INFO] Enviando para S3: nyc_taxi/yellow/yellow_tripdata_2023-02.parquet
2025-06-30 10:45:49,353 [INFO] Upload para S3 concluído: s3://case-ifood-de-prd-landing-zone-593793061865/nyc_taxi/yellow/yellow_tripdata_2023-02.parquet
2025-06-30 10:45:49,598 [INFO] Baixando: https://d37ci6vzurychx.cloudfront.net/trip-data/yellow_tripdata_2023-03.parquet
2025-06-30 10:45:54,901 [INFO] Download concluído: tmp_tlc_data/yellow_tripdata_2023-03.parquet
2025-06-30 10:45:54,902 [INFO] Enviando para S3: nyc_taxi/yellow/yellow_tripdata_2023-03.parquet
2025-06-30 10:45:59,610 [INFO] Upload para S3 concluído: s3://case-ifood-de-prd-landing-zone-593793061865/nyc_taxi/yellow/yellow_tripdata_2023-03.parquet
2025-06-30 10:45:59,813 [INFO] Baixando: https://d37ci6vzurychx.cloudfront.net/trip-data/yellow_tripdata_2023-04.parquet
2025-06-30 10:46:04,655 [INFO] Download concluído: tmp_tlc_data/yellow_tripdata_2023-04.parquet
2025-06-30 10:46:04,656 [INFO] Enviando para S3: nyc_taxi/yellow/yellow_tripdata_2023-04.parquet
2025-06-30 10:46:13,704 [INFO] Upload para S3 concluído: s3://case-ifood-de-prd-landing-zone-593793061865/nyc_taxi/yellow/yellow_tripdata_2023-04.parquet
2025-06-30 10:46:13,951 [INFO] Baixando: https://d37ci6vzurychx.cloudfront.net/trip-data/yellow_tripdata_2023-05.parquet
2025-06-30 10:46:17,947 [INFO] Download concluído: tmp_tlc_data/yellow_tripdata_2023-05.parquet
2025-06-30 10:46:17,947 [INFO] Enviando para S3: nyc_taxi/yellow/yellow_tripdata_2023-05.parquet
2025-06-30 10:46:25,517 [INFO] Upload para S3 concluído: s3://case-ifood-de-prd-landing-zone-593793061865/nyc_taxi/yellow/yellow_tripdata_2023-05.parquet
2025-06-30 10:46:25,720 [INFO] Baixando: https://d37ci6vzurychx.cloudfront.net/trip-data/green_tripdata_2023-01.parquet
2025-06-30 10:46:27,200 [INFO] Download concluído: tmp_tlc_data/green_tripdata_2023-01.parquet
2025-06-30 10:46:27,200 [INFO] Enviando para S3: nyc_taxi/green/green_tripdata_2023-01.parquet
2025-06-30 10:46:26,394 [INFO] Upload para S3 concluído: s3://case-ifood-de-prd-landing-zone-593793061865/nyc_taxi/green/green_tripdata_2023-01.parquet
2025-06-30 10:46:26,584 [INFO] Baixando: https://d37ci6vzurychx.cloudfront.net/trip-data/green_tripdata_2023-02.parquet
2025-06-30 10:46:28,216 [INFO] Download concluído: tmp_tlc_data/green_tripdata_2023-02.parquet
2025-06-30 10:46:28,217 [INFO] Enviando para S3: nyc_taxi/green/green_tripdata_2023-02.parquet
2025-06-30 10:46:29,663 [INFO] Upload para S3 concluído: s3://case-ifood-de-prd-landing-zone-593793061865/nyc_taxi/green/green_tripdata_2023-02.parquet
2025-06-30 10:46:29,847 [INFO] Baixando: https://d37ci6vzurychx.cloudfront.net/trip-data/green_tripdata_2023-03.parquet
2025-06-30 10:46:31,249 [INFO] Download concluído: tmp_tlc_data/green_tripdata_2023-03.parquet
2025-06-30 10:46:31,249 [INFO] Enviando para S3: nyc_taxi/green/green_tripdata_2023-03.parquet
2025-06-30 10:46:32,733 [INFO] Upload para S3 concluído: s3://case-ifood-de-prd-landing-zone-593793061865/nyc_taxi/green/green_tripdata_2023-03.parquet
2025-06-30 10:46:32,921 [INFO] Baixando: https://d37ci6vzurychx.cloudfront.net/trip-data/green_tripdata_2023-04.parquet
2025-06-30 10:46:34,284 [INFO] Download concluído: tmp_tlc_data/green_tripdata_2023-04.parquet
2025-06-30 10:46:34,285 [INFO] Enviando para S3: nyc_taxi/green/green_tripdata_2023-04.parquet
2025-06-30 10:46:35,635 [INFO] Upload para S3 concluído: s3://case-ifood-de-prd-landing-zone-593793061865/nyc_taxi/green/green_tripdata_2023-04.parquet
2025-06-30 10:46:35,820 [INFO] Baixando: https://d37ci6vzurychx.cloudfront.net/trip-data/green_tripdata_2023-05.parquet
2025-06-30 10:46:37,178 [INFO] Download concluído: tmp_tlc_data/green_tripdata_2023-05.parquet
2025-06-30 10:46:37,179 [INFO] Enviando para S3: nyc_taxi/green/green_tripdata_2023-05.parquet
2025-06-30 10:46:38,502 [INFO] Upload para S3 concluído: s3://case-ifood-de-prd-landing-zone-593793061865/nyc_taxi/green/green_tripdata_2023-05.parquet
2025-06-30 10:46:38,685 [INFO] Baixando: https://d37ci6vzurychx.cloudfront.net/trip-data/fhv_tripdata_2023-01.parquet
2025-06-30 10:46:40,624 [INFO] Download concluído: tmp_tlc_data/fhv_tripdata_2023-01.parquet
2025-06-30 10:46:40,625 [INFO] Enviando para S3: nyc_taxi/fhv/fhv_tripdata_2023-01.parquet
2025-06-30 10:46:43,873 [INFO] Upload para S3 concluído: s3://case-ifood-de-prd-landing-zone-593793061865/nyc_taxi/fhv/fhv_tripdata_2023-01.parquet
2025-06-30 10:46:44,081 [INFO] Baixando: https://d37ci6vzurychx.cloudfront.net/trip-data/fhv_tripdata_2023-02.parquet
2025-06-30 10:46:46,008 [INFO] Download concluído: tmp_tlc_data/fhv_tripdata_2023-02.parquet
2025-06-30 10:46:46,008 [INFO] Enviando para S3: nyc_taxi/fhv/fhv_tripdata_2023-02.parquet
2025-06-30 10:46:48,743 [INFO] Upload para S3 concluído: s3://case-ifood-de-prd-landing-zone-593793061865/nyc_taxi/fhv/fhv_tripdata_2023-02.parquet
2025-06-30 10:46:48,933 [INFO] Baixando: https://d37ci6vzurychx.cloudfront.net/trip-data/fhv_tripdata_2023-03.parquet
2025-06-30 10:46:51,362 [INFO] Download concluído: tmp_tlc_data/fhv_tripdata_2023-03.parquet
2025-06-30 10:46:51,362 [INFO] Enviando para S3: nyc_taxi/fhv/fhv_tripdata_2023-03.parquet
2025-06-30 10:46:54,095 [INFO] Upload para S3 concluído: s3://case-ifood-de-prd-landing-zone-593793061865/nyc_taxi/fhv/fhv_tripdata_2023-03.parquet
2025-06-30 10:46:54,283 [INFO] Baixando: https://d37ci6vzurychx.cloudfront.net/trip-data/fhv_tripdata_2023-04.parquet
2025-06-30 10:46:56,500 [INFO] Download concluído: tmp_tlc_data/fhv_tripdata_2023-04.parquet
2025-06-30 10:46:56,500 [INFO] Enviando para S3: nyc_taxi/fhv/fhv_tripdata_2023-04.parquet
2025-06-30 10:46:56,422 [INFO] Upload para S3 concluído: s3://case-ifood-de-prd-landing-zone-593793061865/nyc_taxi/fhv/fhv_tripdata_2023-04.parquet
2025-06-30 10:46:56,611 [INFO] Baixando: https://d37ci6vzurychx.cloudfront.net/trip-data/fhv_tripdata_2023-05.parquet
2025-06-30 10:46:58,636 [INFO] Download concluído: tmp_tlc_data/fhv_tripdata_2023-05.parquet
2025-06-30 10:46:58,636 [INFO] Enviando para S3: nyc_taxi/fhv/fhv_tripdata_2023-05.parquet
2025-06-30 10:47:00,882 [INFO] Upload para S3 concluído: s3://case-ifood-de-prd-landing-zone-593793061865/nyc_taxi/fhv/fhv_tripdata_2023-05.parquet
2025-06-30 10:47:01,083 [INFO] Baixando: https://d37ci6vzurychx.cloudfront.net/trip-data/hvfhv_tripdata_2023-01.parquet
2025-06-30 10:47:01,582 [ERROR] Erro HTTP em https://d37ci6vzurychx.cloudfront.net/trip-data/hvfhv_tripdata_2023-01.parquet: 403 Client Error: Forbidden for url: https://d37ci6vzurychx.cloudfront.net/trip-data/hvfhv_tripdata_2023-01.parquet
2025-06-30 10:47:01,583 [INFO] Enviando para S3: nyc_taxi/hvfhv/hvfhv_tripdata_2023-01.parquet
2025-06-30 10:47:01,583 [ERROR] Erro ao fazer upload para S3: [Errno 2] No such file or directory: 'tmp_tlc_data/hvfhv_tripdata_2023-01.parquet'
